<?xml version="1.0" encoding="UTF-8"?>
<testsuite name=": Como paciente" tests="1" skipped="0" failures="1" errors="0" timestamp="2022-03-09T18:46:27" hostname="DESKTOP-PLD8QR8" time="5.317">
  <properties/>
  <testcase name="Realizar el Registro de un Doctor" classname=": Como paciente" time="5.317">
    <failure message="java.lang.IndexOutOfBoundsException: Index: 0, Size: 0" type="java.lang.IndexOutOfBoundsException">java.lang.IndexOutOfBoundsException: Index: 0, Size: 0
	at java.util.ArrayList.rangeCheck(ArrayList.java:653)
	at java.util.ArrayList.get(ArrayList.java:429)
	at java.util.Collections$UnmodifiableList.get(Collections.java:1309)
	at stepsDesinitions.MyStepDefs.elRealizaElRegistroDelMismoEnElAplicativoDeAdministracionDeHospital(MyStepDefs.java:28)
	at ✽.el realiza el registro del mismo en el aplicativo de Administracion de Hospital(src/test/resources/features/scenario_outline.feature:13)
</failure>
  </testcase>
  <system-out><![CDATA[]]></system-out>
  <system-err><![CDATA[[Test worker] WARN net.thucydides.core.steps.BaseStepListener - stepStarted: net.thucydides.core.steps.ExecutedStepDescription@4ed5cb65
[Test worker] WARN net.thucydides.core.steps.BaseStepListener - stepStarted: net.thucydides.core.steps.ExecutedStepDescription@54a07bba
[Test worker] WARN net.thucydides.core.steps.BaseStepListener - stepStarted: net.thucydides.core.steps.ExecutedStepDescription@b755274
mar 09, 2022 1:46:27 PM org.openqa.selenium.remote.DesiredCapabilities chrome
INFORMACIÓN: Using `new ChromeOptions()` is preferred to `DesiredCapabilities.chrome()`
[Test worker] INFO net.serenitybdd.core.webdriver.driverproviders.ProvideNewDriver - Instantiating driver
[Test worker] INFO net.serenitybdd.core.webdriver.driverproviders.ProvideNewDriver - Driver capabilities: Capabilities {acceptInsecureCerts: false, browserName: chrome, chrome.switches: --start-maximized, goog:chromeOptions: {args: [--start-maximized], extensions: []}, loggingPrefs: org.openqa.selenium.logging..., platform: ANY, version: }
Starting ChromeDriver 99.0.4844.51 (d537ec02474b5afe23684e7963d538896c63ac77-refs/branch-heads/4844@{#875}) on port 24394
Only local connections are allowed.
Please see https://chromedriver.chromium.org/security-considerations for suggestions on keeping ChromeDriver safe.
ChromeDriver was started successfully.
mar 09, 2022 1:46:30 PM org.openqa.selenium.remote.ProtocolHandshake createSession
INFORMACIÓN: Detected dialect: W3C
[Test worker] WARN net.thucydides.core.steps.BaseStepListener - stepFinished: current outcome:Realizar el Registro de un Doctor:Example: {actor=Jhonatan, NombreCompleto=Juan, Apellidos=Perez, Telefono=3321654, TipoDocumento=pasaporte, NumeroDeDocumento=123548789} [Dado que Jhonatan necesita registrar un nuevo doctor [Jhonatan abrir [Jhonatan opens the Abrir navegador]]]
[Test worker] WARN net.thucydides.core.steps.BaseStepListener - stepFinished: current outcome:Realizar el Registro de un Doctor:Example: {actor=Jhonatan, NombreCompleto=Juan, Apellidos=Perez, Telefono=3321654, TipoDocumento=pasaporte, NumeroDeDocumento=123548789} [Dado que Jhonatan necesita registrar un nuevo doctor [Jhonatan abrir [Jhonatan opens the Abrir navegador]]]
[Test worker] WARN net.thucydides.core.steps.BaseStepListener - stepFinished: current outcome:Realizar el Registro de un Doctor:Example: {actor=Jhonatan, NombreCompleto=Juan, Apellidos=Perez, Telefono=3321654, TipoDocumento=pasaporte, NumeroDeDocumento=123548789} [Dado que Jhonatan necesita registrar un nuevo doctor [Jhonatan abrir [Jhonatan opens the Abrir navegador]]]
[Test worker] WARN net.thucydides.core.steps.BaseStepListener - stepStarted: net.thucydides.core.steps.ExecutedStepDescription@c58f16c
[Test worker] WARN net.thucydides.core.steps.BaseStepListener - stepStarted: net.thucydides.core.steps.ExecutedStepDescription@ac468d2
[Test worker] WARN net.thucydides.core.steps.BaseStepListener - testFinished: Realizar el Registro de un Doctor:Example: {actor=Jhonatan, NombreCompleto=Juan, Apellidos=Perez, Telefono=3321654, TipoDocumento=pasaporte, NumeroDeDocumento=123548789} [Dado que Jhonatan necesita registrar un nuevo doctor [Jhonatan abrir [Jhonatan opens the Abrir navegador]], Cuando el realiza el registro del mismo en el aplicativo de Administracion de Hospital
| Juan | Perez | 3321654 | pasaporte | 123548789 |, Entonces verifica que se presente en pantalla el mensaje Datos guardados correctamente]
[Test worker] WARN net.thucydides.core.steps.BaseStepListener - TestOutcomes: [Realizar el Registro de un Doctor:Example: {actor=Jhonatan, NombreCompleto=Juan, Apellidos=Perez, Telefono=3321654, TipoDocumento=pasaporte, NumeroDeDocumento=123548789} [Dado que Jhonatan necesita registrar un nuevo doctor [Jhonatan abrir [Jhonatan opens the Abrir navegador]], Cuando el realiza el registro del mismo en el aplicativo de Administracion de Hospital
| Juan | Perez | 3321654 | pasaporte | 123548789 |, Entonces verifica que se presente en pantalla el mensaje Datos guardados correctamente]]
[Test worker] WARN net.thucydides.core.steps.BaseStepListener - Final testOutcomes: [Realizar el Registro de un Doctor:Example: {actor=Jhonatan, NombreCompleto=Juan, Apellidos=Perez, Telefono=3321654, TipoDocumento=pasaporte, NumeroDeDocumento=123548789} [Dado que Jhonatan necesita registrar un nuevo doctor [Jhonatan abrir [Jhonatan opens the Abrir navegador]], Cuando el realiza el registro del mismo en el aplicativo de Administracion de Hospital
| Juan | Perez | 3321654 | pasaporte | 123548789 |, Entonces verifica que se presente en pantalla el mensaje Datos guardados correctamente]]
[Test worker] ERROR net.thucydides.core.steps.ConsoleLoggingListener - 
           __  _____ _____ ____ _____   _____ _    ___ _     _____ ____  
  _       / / |_   _| ____/ ___|_   _| |  ___/ \  |_ _| |   | ____|  _ \ 
 (_)_____| |    | | |  _| \___ \ | |   | |_ / _ \  | || |   |  _| | | | |
  _|_____| |    | | | |___ ___) || |   |  _/ ___ \ | || |___| |___| |_| |
 (_)     | |    |_| |_____|____/ |_|   |_|/_/   \_\___|_____|_____|____/ 
          \_\                                                            

TEST FAILED WITH ERROR: Realizar el Registro de un Doctor
---------------------------------------------------------------------
[Test worker] ERROR net.thucydides.core.steps.ConsoleLoggingListener - TEST FAILED AT STEP Cuando el realiza el registro del mismo en el aplicativo de Administracion de Hospital | Juan | Perez | 3321654 | pasaporte | 123548789 |
[Test worker] ERROR net.thucydides.core.steps.ConsoleLoggingListener - Index: 0, Size: 0
]]></system-err>
</testsuite>
